This file contains any messages produced by compilers while
running configure, to aid debugging if configure makes a mistake.

It was created by configure, which was
generated by GNU Autoconf 2.59.  Invocation command line was

  $ ./configure 

## --------- ##
## Platform. ##
## --------- ##

hostname = Andrews-MacBook-Pro.local
uname -m = x86_64
uname -r = 12.5.0
uname -s = Darwin
uname -v = Darwin Kernel Version 12.5.0: Sun Sep 29 13:33:47 PDT 2013; root:xnu-2050.48.12~1/RELEASE_X86_64

/usr/bin/uname -p = i386
/bin/uname -X     = unknown

/bin/arch              = unknown
/usr/bin/arch -k       = unknown
/usr/convex/getsysinfo = unknown
hostinfo               = Mach kernel version:
	 Darwin Kernel Version 12.5.0: Sun Sep 29 13:33:47 PDT 2013; root:xnu-2050.48.12~1/RELEASE_X86_64
Kernel configured for up to 8 processors.
4 processors are physically available.
8 processors are logically available.
Processor type: i486 (Intel 80486)
Processors active: 0 1 2 3 4 5 6 7
Primary memory available: 16.00 gigabytes
Default processor set: 167 tasks, 1017 threads, 8 processors
Load average: 1.04, Mach factor: 6.95
/bin/machine           = unknown
/usr/bin/oslevel       = unknown
/bin/universe          = unknown

PATH: /usr/local/bin
PATH: /usr/local/bin
PATH: /usr/bin
PATH: /bin
PATH: /usr/sbin
PATH: /sbin
PATH: /Library/TeX/texbin


## ----------- ##
## Core tests. ##
## ----------- ##

configure:1364: checking for gcc
configure:1380: found /usr/bin/gcc
configure:1390: result: gcc
configure:1634: checking for C compiler version
configure:1637: gcc --version </dev/null >&5
Configured with: --prefix=/Applications/Xcode.app/Contents/Developer/usr --with-gxx-include-dir=/usr/include/c++/4.2.1
Apple LLVM version 5.1 (clang-503.0.40) (based on LLVM 3.4svn)
Target: x86_64-apple-darwin12.5.0
Thread model: posix
configure:1640: $? = 0
configure:1642: gcc -v </dev/null >&5
Configured with: --prefix=/Applications/Xcode.app/Contents/Developer/usr --with-gxx-include-dir=/usr/include/c++/4.2.1
Apple LLVM version 5.1 (clang-503.0.40) (based on LLVM 3.4svn)
Target: x86_64-apple-darwin12.5.0
Thread model: posix
configure:1645: $? = 0
configure:1647: gcc -V </dev/null >&5
clang: error: argument to '-V' is missing (expected 1 value)
clang: error: no input files
configure:1650: $? = 1
configure:1673: checking for C compiler default output file name
configure:1676: gcc    conftest.c  >&5
configure:1679: $? = 0
configure:1725: result: a.out
configure:1730: checking whether the C compiler works
configure:1736: ./a.out
configure:1739: $? = 0
configure:1756: result: yes
configure:1763: checking whether we are cross compiling
configure:1765: result: no
configure:1768: checking for suffix of executables
configure:1770: gcc -o conftest    conftest.c  >&5
configure:1773: $? = 0
configure:1798: result: 
configure:1804: checking for suffix of object files
configure:1825: gcc -c   conftest.c >&5
configure:1828: $? = 0
configure:1850: result: o
configure:1854: checking whether we are using the GNU C compiler
configure:1878: gcc -c   conftest.c >&5
configure:1884: $? = 0
configure:1888: test -z 
			 || test ! -s conftest.err
configure:1891: $? = 0
configure:1894: test -s conftest.o
configure:1897: $? = 0
configure:1910: result: yes
configure:1916: checking whether gcc accepts -g
configure:1937: gcc -c -g  conftest.c >&5
configure:1943: $? = 0
configure:1947: test -z 
			 || test ! -s conftest.err
configure:1950: $? = 0
configure:1953: test -s conftest.o
configure:1956: $? = 0
configure:1967: result: yes
configure:1984: checking for gcc option to accept ANSI C
configure:2054: gcc  -c -g -O2  conftest.c >&5
configure:2060: $? = 0
configure:2064: test -z 
			 || test ! -s conftest.err
configure:2067: $? = 0
configure:2070: test -s conftest.o
configure:2073: $? = 0
configure:2091: result: none needed
configure:2109: gcc -c -g -O2  conftest.c >&5
conftest.c:2:3: error: unknown type name 'choke'
  choke me
  ^
conftest.c:2:11: error: expected ';' after top level declarator
  choke me
          ^
          ;
2 errors generated.
configure:2115: $? = 1
configure: failed program was:
| #ifndef __cplusplus
|   choke me
| #endif
configure:2300: checking for g++
configure:2316: found /usr/bin/g++
configure:2326: result: g++
configure:2342: checking for C++ compiler version
configure:2345: g++ --version </dev/null >&5
Configured with: --prefix=/Applications/Xcode.app/Contents/Developer/usr --with-gxx-include-dir=/usr/include/c++/4.2.1
Apple LLVM version 5.1 (clang-503.0.40) (based on LLVM 3.4svn)
Target: x86_64-apple-darwin12.5.0
Thread model: posix
configure:2348: $? = 0
configure:2350: g++ -v </dev/null >&5
Configured with: --prefix=/Applications/Xcode.app/Contents/Developer/usr --with-gxx-include-dir=/usr/include/c++/4.2.1
Apple LLVM version 5.1 (clang-503.0.40) (based on LLVM 3.4svn)
Target: x86_64-apple-darwin12.5.0
Thread model: posix
configure:2353: $? = 0
configure:2355: g++ -V </dev/null >&5
clang: error: argument to '-V' is missing (expected 1 value)
clang: error: no input files
configure:2358: $? = 1
configure:2361: checking whether we are using the GNU C++ compiler
configure:2385: g++ -c   conftest.cc >&5
configure:2391: $? = 0
configure:2395: test -z 
			 || test ! -s conftest.err
configure:2398: $? = 0
configure:2401: test -s conftest.o
configure:2404: $? = 0
configure:2417: result: yes
configure:2423: checking whether g++ accepts -g
configure:2444: g++ -c -g  conftest.cc >&5
configure:2450: $? = 0
configure:2454: test -z 
			 || test ! -s conftest.err
configure:2457: $? = 0
configure:2460: test -s conftest.o
configure:2463: $? = 0
configure:2474: result: yes
configure:2516: g++ -c -g -O2  conftest.cc >&5
configure:2522: $? = 0
configure:2526: test -z 
			 || test ! -s conftest.err
configure:2529: $? = 0
configure:2532: test -s conftest.o
configure:2535: $? = 0
configure:2561: g++ -c -g -O2  conftest.cc >&5
conftest.cc:13:1: error: use of undeclared identifier 'exit'
exit (42);
^
1 error generated.
configure:2567: $? = 1
configure: failed program was:
| /* confdefs.h.  */
| 
| #define PACKAGE_NAME ""
| #define PACKAGE_TARNAME ""
| #define PACKAGE_VERSION ""
| #define PACKAGE_STRING ""
| #define PACKAGE_BUGREPORT ""
| /* end confdefs.h.  */
| 
| int
| main ()
| {
| exit (42);
|   ;
|   return 0;
| }
configure:2516: g++ -c -g -O2  conftest.cc >&5
conftest.cc:9:17: error: use of undeclared identifier 'std'
extern "C" void std::exit (int) throw (); using std::exit;
                ^
conftest.cc:9:49: error: use of undeclared identifier 'std'
extern "C" void std::exit (int) throw (); using std::exit;
                                                ^
2 errors generated.
configure:2522: $? = 1
configure: failed program was:
| /* confdefs.h.  */
| 
| #define PACKAGE_NAME ""
| #define PACKAGE_TARNAME ""
| #define PACKAGE_VERSION ""
| #define PACKAGE_STRING ""
| #define PACKAGE_BUGREPORT ""
| /* end confdefs.h.  */
| extern "C" void std::exit (int) throw (); using std::exit;
| #include <stdlib.h>
| int
| main ()
| {
| exit (42);
|   ;
|   return 0;
| }
configure:2516: g++ -c -g -O2  conftest.cc >&5
conftest.cc:9:17: error: use of undeclared identifier 'std'
extern "C" void std::exit (int); using std::exit;
                ^
conftest.cc:9:40: error: use of undeclared identifier 'std'
extern "C" void std::exit (int); using std::exit;
                                       ^
2 errors generated.
configure:2522: $? = 1
configure: failed program was:
| /* confdefs.h.  */
| 
| #define PACKAGE_NAME ""
| #define PACKAGE_TARNAME ""
| #define PACKAGE_VERSION ""
| #define PACKAGE_STRING ""
| #define PACKAGE_BUGREPORT ""
| /* end confdefs.h.  */
| extern "C" void std::exit (int); using std::exit;
| #include <stdlib.h>
| int
| main ()
| {
| exit (42);
|   ;
|   return 0;
| }
configure:2516: g++ -c -g -O2  conftest.cc >&5
configure:2522: $? = 0
configure:2526: test -z 
			 || test ! -s conftest.err
configure:2529: $? = 0
configure:2532: test -s conftest.o
configure:2535: $? = 0
configure:2561: g++ -c -g -O2  conftest.cc >&5
configure:2567: $? = 0
configure:2571: test -z 
			 || test ! -s conftest.err
configure:2574: $? = 0
configure:2577: test -s conftest.o
configure:2580: $? = 0
configure:2645: checking for ranlib
configure:2661: found /usr/bin/ranlib
configure:2672: result: ranlib
configure:2691: checking for dlopen in -ldl
configure:2721: gcc -o conftest -g -O2 -I/usr/local/include  -I/usr/local/include  conftest.c -ldl   -L/usr/local/lib >&5
configure:2727: $? = 0
configure:2731: test -z 
			 || test ! -s conftest.err
configure:2734: $? = 0
configure:2737: test -s conftest
configure:2740: $? = 0
configure:2753: result: yes
configure:2770: checking how to run the C preprocessor
configure:2805: gcc -E  -I/usr/local/include conftest.c
configure:2811: $? = 0
configure:2843: gcc -E  -I/usr/local/include conftest.c
conftest.c:13:10: fatal error: 'ac_nonexistent.h' file not found
#include <ac_nonexistent.h>
         ^
1 error generated.
configure:2849: $? = 1
configure: failed program was:
| /* confdefs.h.  */
| 
| #define PACKAGE_NAME ""
| #define PACKAGE_TARNAME ""
| #define PACKAGE_VERSION ""
| #define PACKAGE_STRING ""
| #define PACKAGE_BUGREPORT ""
| #ifdef __cplusplus
| extern "C" void exit (int) throw ();
| #endif
| #define HAVE_LIBDL 1
| /* end confdefs.h.  */
| #include <ac_nonexistent.h>
configure:2888: result: gcc -E
configure:2912: gcc -E  -I/usr/local/include conftest.c
configure:2918: $? = 0
configure:2950: gcc -E  -I/usr/local/include conftest.c
conftest.c:13:10: fatal error: 'ac_nonexistent.h' file not found
#include <ac_nonexistent.h>
         ^
1 error generated.
configure:2956: $? = 1
configure: failed program was:
| /* confdefs.h.  */
| 
| #define PACKAGE_NAME ""
| #define PACKAGE_TARNAME ""
| #define PACKAGE_VERSION ""
| #define PACKAGE_STRING ""
| #define PACKAGE_BUGREPORT ""
| #ifdef __cplusplus
| extern "C" void exit (int) throw ();
| #endif
| #define HAVE_LIBDL 1
| /* end confdefs.h.  */
| #include <ac_nonexistent.h>
configure:3000: checking for egrep
configure:3010: result: grep -E
configure:3015: checking for ANSI C header files
configure:3040: gcc -c -g -O2 -I/usr/local/include  -I/usr/local/include conftest.c >&5
configure:3046: $? = 0
configure:3050: test -z 
			 || test ! -s conftest.err
configure:3053: $? = 0
configure:3056: test -s conftest.o
configure:3059: $? = 0
configure:3148: gcc -o conftest -g -O2 -I/usr/local/include  -I/usr/local/include  conftest.c -ldl  -L/usr/local/lib >&5
conftest.c:30:7: warning: implicitly declaring library function 'exit' with type 'void (int) __attribute__((noreturn))'
      exit(2);
      ^
conftest.c:30:7: note: please include the header <stdlib.h> or explicitly provide a declaration for 'exit'
1 warning generated.
configure:3151: $? = 0
configure:3153: ./conftest
configure:3156: $? = 0
configure:3171: result: yes
configure:3195: checking for sys/types.h
configure:3211: gcc -c -g -O2 -I/usr/local/include  -I/usr/local/include conftest.c >&5
configure:3217: $? = 0
configure:3221: test -z 
			 || test ! -s conftest.err
configure:3224: $? = 0
configure:3227: test -s conftest.o
configure:3230: $? = 0
configure:3241: result: yes
configure:3195: checking for sys/stat.h
configure:3211: gcc -c -g -O2 -I/usr/local/include  -I/usr/local/include conftest.c >&5
configure:3217: $? = 0
configure:3221: test -z 
			 || test ! -s conftest.err
configure:3224: $? = 0
configure:3227: test -s conftest.o
configure:3230: $? = 0
configure:3241: result: yes
configure:3195: checking for stdlib.h
configure:3211: gcc -c -g -O2 -I/usr/local/include  -I/usr/local/include conftest.c >&5
configure:3217: $? = 0
configure:3221: test -z 
			 || test ! -s conftest.err
configure:3224: $? = 0
configure:3227: test -s conftest.o
configure:3230: $? = 0
configure:3241: result: yes
configure:3195: checking for string.h
configure:3211: gcc -c -g -O2 -I/usr/local/include  -I/usr/local/include conftest.c >&5
configure:3217: $? = 0
configure:3221: test -z 
			 || test ! -s conftest.err
configure:3224: $? = 0
configure:3227: test -s conftest.o
configure:3230: $? = 0
configure:3241: result: yes
configure:3195: checking for memory.h
configure:3211: gcc -c -g -O2 -I/usr/local/include  -I/usr/local/include conftest.c >&5
configure:3217: $? = 0
configure:3221: test -z 
			 || test ! -s conftest.err
configure:3224: $? = 0
configure:3227: test -s conftest.o
configure:3230: $? = 0
configure:3241: result: yes
configure:3195: checking for strings.h
configure:3211: gcc -c -g -O2 -I/usr/local/include  -I/usr/local/include conftest.c >&5
configure:3217: $? = 0
configure:3221: test -z 
			 || test ! -s conftest.err
configure:3224: $? = 0
configure:3227: test -s conftest.o
configure:3230: $? = 0
configure:3241: result: yes
configure:3195: checking for inttypes.h
configure:3211: gcc -c -g -O2 -I/usr/local/include  -I/usr/local/include conftest.c >&5
configure:3217: $? = 0
configure:3221: test -z 
			 || test ! -s conftest.err
configure:3224: $? = 0
configure:3227: test -s conftest.o
configure:3230: $? = 0
configure:3241: result: yes
configure:3195: checking for stdint.h
configure:3211: gcc -c -g -O2 -I/usr/local/include  -I/usr/local/include conftest.c >&5
configure:3217: $? = 0
configure:3221: test -z 
			 || test ! -s conftest.err
configure:3224: $? = 0
configure:3227: test -s conftest.o
configure:3230: $? = 0
configure:3241: result: yes
configure:3195: checking for unistd.h
configure:3211: gcc -c -g -O2 -I/usr/local/include  -I/usr/local/include conftest.c >&5
configure:3217: $? = 0
configure:3221: test -z 
			 || test ! -s conftest.err
configure:3224: $? = 0
configure:3227: test -s conftest.o
configure:3230: $? = 0
configure:3241: result: yes
configure:3272: checking fcntl.h usability
configure:3284: gcc -c -g -O2 -I/usr/local/include  -I/usr/local/include conftest.c >&5
configure:3290: $? = 0
configure:3294: test -z 
			 || test ! -s conftest.err
configure:3297: $? = 0
configure:3300: test -s conftest.o
configure:3303: $? = 0
configure:3313: result: yes
configure:3317: checking fcntl.h presence
configure:3327: gcc -E  -I/usr/local/include conftest.c
configure:3333: $? = 0
configure:3353: result: yes
configure:3388: checking for fcntl.h
configure:3395: result: yes
configure:3263: checking for unistd.h
configure:3268: result: yes
configure:3272: checking dbmalloc.h usability
configure:3284: gcc -c -g -O2 -I/usr/local/include  -I/usr/local/include conftest.c >&5
conftest.c:59:10: fatal error: 'dbmalloc.h' file not found
#include <dbmalloc.h>
         ^
1 error generated.
configure:3290: $? = 1
configure: failed program was:
| /* confdefs.h.  */
| 
| #define PACKAGE_NAME ""
| #define PACKAGE_TARNAME ""
| #define PACKAGE_VERSION ""
| #define PACKAGE_STRING ""
| #define PACKAGE_BUGREPORT ""
| #ifdef __cplusplus
| extern "C" void exit (int) throw ();
| #endif
| #define HAVE_LIBDL 1
| #define STDC_HEADERS 1
| #define HAVE_SYS_TYPES_H 1
| #define HAVE_SYS_STAT_H 1
| #define HAVE_STDLIB_H 1
| #define HAVE_STRING_H 1
| #define HAVE_MEMORY_H 1
| #define HAVE_STRINGS_H 1
| #define HAVE_INTTYPES_H 1
| #define HAVE_STDINT_H 1
| #define HAVE_UNISTD_H 1
| #define HAVE_FCNTL_H 1
| #define HAVE_UNISTD_H 1
| /* end confdefs.h.  */
| #include <stdio.h>
| #if HAVE_SYS_TYPES_H
| # include <sys/types.h>
| #endif
| #if HAVE_SYS_STAT_H
| # include <sys/stat.h>
| #endif
| #if STDC_HEADERS
| # include <stdlib.h>
| # include <stddef.h>
| #else
| # if HAVE_STDLIB_H
| #  include <stdlib.h>
| # endif
| #endif
| #if HAVE_STRING_H
| # if !STDC_HEADERS && HAVE_MEMORY_H
| #  include <memory.h>
| # endif
| # include <string.h>
| #endif
| #if HAVE_STRINGS_H
| # include <strings.h>
| #endif
| #if HAVE_INTTYPES_H
| # include <inttypes.h>
| #else
| # if HAVE_STDINT_H
| #  include <stdint.h>
| # endif
| #endif
| #if HAVE_UNISTD_H
| # include <unistd.h>
| #endif
| #include <dbmalloc.h>
configure:3313: result: no
configure:3317: checking dbmalloc.h presence
configure:3327: gcc -E  -I/usr/local/include conftest.c
conftest.c:25:10: fatal error: 'dbmalloc.h' file not found
#include <dbmalloc.h>
         ^
1 error generated.
configure:3333: $? = 1
configure: failed program was:
| /* confdefs.h.  */
| 
| #define PACKAGE_NAME ""
| #define PACKAGE_TARNAME ""
| #define PACKAGE_VERSION ""
| #define PACKAGE_STRING ""
| #define PACKAGE_BUGREPORT ""
| #ifdef __cplusplus
| extern "C" void exit (int) throw ();
| #endif
| #define HAVE_LIBDL 1
| #define STDC_HEADERS 1
| #define HAVE_SYS_TYPES_H 1
| #define HAVE_SYS_STAT_H 1
| #define HAVE_STDLIB_H 1
| #define HAVE_STRING_H 1
| #define HAVE_MEMORY_H 1
| #define HAVE_STRINGS_H 1
| #define HAVE_INTTYPES_H 1
| #define HAVE_STDINT_H 1
| #define HAVE_UNISTD_H 1
| #define HAVE_FCNTL_H 1
| #define HAVE_UNISTD_H 1
| /* end confdefs.h.  */
| #include <dbmalloc.h>
configure:3353: result: no
configure:3388: checking for dbmalloc.h
configure:3395: result: no
configure:3272: checking dlfcn.h usability
configure:3284: gcc -c -g -O2 -I/usr/local/include  -I/usr/local/include conftest.c >&5
configure:3290: $? = 0
configure:3294: test -z 
			 || test ! -s conftest.err
configure:3297: $? = 0
configure:3300: test -s conftest.o
configure:3303: $? = 0
configure:3313: result: yes
configure:3317: checking dlfcn.h presence
configure:3327: gcc -E  -I/usr/local/include conftest.c
configure:3333: $? = 0
configure:3353: result: yes
configure:3388: checking for dlfcn.h
configure:3395: result: yes
configure:3263: checking for string.h
configure:3268: result: yes
configure:3263: checking for strings.h
configure:3268: result: yes
configure:3409: checking whether byte ordering is bigendian
configure:3436: gcc -c -g -O2 -I/usr/local/include  -I/usr/local/include conftest.c >&5
configure:3442: $? = 0
configure:3446: test -z 
			 || test ! -s conftest.err
configure:3449: $? = 0
configure:3452: test -s conftest.o
configure:3455: $? = 0
configure:3479: gcc -c -g -O2 -I/usr/local/include  -I/usr/local/include conftest.c >&5
conftest.c:35:2: error: use of undeclared identifier 'not'
 not big endian
 ^
1 error generated.
configure:3485: $? = 1
configure: failed program was:
| /* confdefs.h.  */
| 
| #define PACKAGE_NAME ""
| #define PACKAGE_TARNAME ""
| #define PACKAGE_VERSION ""
| #define PACKAGE_STRING ""
| #define PACKAGE_BUGREPORT ""
| #ifdef __cplusplus
| extern "C" void exit (int) throw ();
| #endif
| #define HAVE_LIBDL 1
| #define STDC_HEADERS 1
| #define HAVE_SYS_TYPES_H 1
| #define HAVE_SYS_STAT_H 1
| #define HAVE_STDLIB_H 1
| #define HAVE_STRING_H 1
| #define HAVE_MEMORY_H 1
| #define HAVE_STRINGS_H 1
| #define HAVE_INTTYPES_H 1
| #define HAVE_STDINT_H 1
| #define HAVE_UNISTD_H 1
| #define HAVE_FCNTL_H 1
| #define HAVE_UNISTD_H 1
| #define HAVE_DLFCN_H 1
| #define HAVE_STRING_H 1
| #define HAVE_STRINGS_H 1
| /* end confdefs.h.  */
| #include <sys/types.h>
| #include <sys/param.h>
| 
| int
| main ()
| {
| #if BYTE_ORDER != BIG_ENDIAN
|  not big endian
| #endif
| 
|   ;
|   return 0;
| }
configure:3620: result: no
configure:3643: checking for vprintf
configure:3700: gcc -o conftest -g -O2 -I/usr/local/include  -I/usr/local/include  conftest.c -ldl  -L/usr/local/lib >&5
conftest.c:52:6: warning: incompatible redeclaration of library function 'vprintf' [-Wincompatible-library-redeclaration]
char vprintf ();
     ^
conftest.c:52:6: note: 'vprintf' is a builtin with type 'int (const char *, __va_list_tag *)'
1 warning generated.
configure:3706: $? = 0
configure:3710: test -z 
			 || test ! -s conftest.err
configure:3713: $? = 0
configure:3716: test -s conftest
configure:3719: $? = 0
configure:3731: result: yes
configure:3738: checking for _doprnt
configure:3795: gcc -o conftest -g -O2 -I/usr/local/include  -I/usr/local/include  conftest.c -ldl  -L/usr/local/lib >&5
Undefined symbols for architecture x86_64:
  "__doprnt", referenced from:
      _main in conftest-50a620.o
      _f in conftest-50a620.o
ld: symbol(s) not found for architecture x86_64
clang: error: linker command failed with exit code 1 (use -v to see invocation)
configure:3801: $? = 1
configure: failed program was:
| /* confdefs.h.  */
| 
| #define PACKAGE_NAME ""
| #define PACKAGE_TARNAME ""
| #define PACKAGE_VERSION ""
| #define PACKAGE_STRING ""
| #define PACKAGE_BUGREPORT ""
| #ifdef __cplusplus
| extern "C" void exit (int) throw ();
| #endif
| #define HAVE_LIBDL 1
| #define STDC_HEADERS 1
| #define HAVE_SYS_TYPES_H 1
| #define HAVE_SYS_STAT_H 1
| #define HAVE_STDLIB_H 1
| #define HAVE_STRING_H 1
| #define HAVE_MEMORY_H 1
| #define HAVE_STRINGS_H 1
| #define HAVE_INTTYPES_H 1
| #define HAVE_STDINT_H 1
| #define HAVE_UNISTD_H 1
| #define HAVE_FCNTL_H 1
| #define HAVE_UNISTD_H 1
| #define HAVE_DLFCN_H 1
| #define HAVE_STRING_H 1
| #define HAVE_STRINGS_H 1
| #define HAVE_VPRINTF 1
| /* end confdefs.h.  */
| /* Define _doprnt to an innocuous variant, in case <limits.h> declares _doprnt.
|    For example, HP-UX 11i <limits.h> declares gettimeofday.  */
| #define _doprnt innocuous__doprnt
| 
| /* System header to define __stub macros and hopefully few prototypes,
|     which can conflict with char _doprnt (); below.
|     Prefer <limits.h> to <assert.h> if __STDC__ is defined, since
|     <limits.h> exists even on freestanding compilers.  */
| 
| #ifdef __STDC__
| # include <limits.h>
| #else
| # include <assert.h>
| #endif
| 
| #undef _doprnt
| 
| /* Override any gcc2 internal prototype to avoid an error.  */
| #ifdef __cplusplus
| extern "C"
| {
| #endif
| /* We use char because int might match the return type of a gcc2
|    builtin and then its argument prototype would still apply.  */
| char _doprnt ();
| /* The GNU C library defines this for functions which it implements
|     to always fail with ENOSYS.  Some functions are actually named
|     something starting with __ and the normal name is an alias.  */
| #if defined (__stub__doprnt) || defined (__stub____doprnt)
| choke me
| #else
| char (*f) () = _doprnt;
| #endif
| #ifdef __cplusplus
| }
| #endif
| 
| int
| main ()
| {
| return f != _doprnt;
|   ;
|   return 0;
| }
configure:3826: result: no
configure:3921: checking for python
configure:3937: found /usr/local/bin/python
configure:3947: result: python
configure:3959: checking where .py files should go
configure:3964: result: /usr/local/Cellar/python/2.7.9/Frameworks/Python.framework/Versions/2.7/lib/python2.7/site-packages
configure:3966: checking where python extensions should go
configure:3974: result: /usr/local/Cellar/python/2.7.9/Frameworks/Python.framework/Versions/2.7/lib/python2.7/site-packages
configure:3993: checking for python headers
configure:4010: result: found
configure:4014: checking definitions from Python makefile
configure:4035: result: done
configure:4047: checking for python module thread
configure:4073: result: yes
configure:4131: checking for gtk-config
configure:4162: result: no
configure:4170: checking for GTK - version >= 1.2.1
configure:4306: result: no
configure:4434: checking GL
configure:4453: gcc -o conftest -O2 -I/usr/local/include   -I/usr/local/include  conftest.c   -lGLU -lGL -ldl  -L/usr/local/lib >&5
ld: library not found for -lGLU
clang: error: linker command failed with exit code 1 (use -v to see invocation)
configure:4459: $? = 1
configure: failed program was:
| /* confdefs.h.  */
| 
| #define PACKAGE_NAME ""
| #define PACKAGE_TARNAME ""
| #define PACKAGE_VERSION ""
| #define PACKAGE_STRING ""
| #define PACKAGE_BUGREPORT ""
| #ifdef __cplusplus
| extern "C" void exit (int) throw ();
| #endif
| #define HAVE_LIBDL 1
| #define STDC_HEADERS 1
| #define HAVE_SYS_TYPES_H 1
| #define HAVE_SYS_STAT_H 1
| #define HAVE_STDLIB_H 1
| #define HAVE_STRING_H 1
| #define HAVE_MEMORY_H 1
| #define HAVE_STRINGS_H 1
| #define HAVE_INTTYPES_H 1
| #define HAVE_STDINT_H 1
| #define HAVE_UNISTD_H 1
| #define HAVE_FCNTL_H 1
| #define HAVE_UNISTD_H 1
| #define HAVE_DLFCN_H 1
| #define HAVE_STRING_H 1
| #define HAVE_STRINGS_H 1
| #define HAVE_VPRINTF 1
| #define USE_GNUCC 1
| #define USE_GNUCC 1
| /* end confdefs.h.  */
| 
| int
| main ()
| {
|  char glBegin(); glBegin();
|   ;
|   return 0;
| }
configure:4483: result: no
configure:4493: checking Mesa
configure:4512: gcc -o conftest -O2 -I/usr/local/include   -I/usr/local/include  conftest.c -ldl  -L/usr/local/lib   -lMesaGLU -lMesaGL >&5
ld: library not found for -lMesaGLU
clang: error: linker command failed with exit code 1 (use -v to see invocation)
configure:4518: $? = 1
configure: failed program was:
| /* confdefs.h.  */
| 
| #define PACKAGE_NAME ""
| #define PACKAGE_TARNAME ""
| #define PACKAGE_VERSION ""
| #define PACKAGE_STRING ""
| #define PACKAGE_BUGREPORT ""
| #ifdef __cplusplus
| extern "C" void exit (int) throw ();
| #endif
| #define HAVE_LIBDL 1
| #define STDC_HEADERS 1
| #define HAVE_SYS_TYPES_H 1
| #define HAVE_SYS_STAT_H 1
| #define HAVE_STDLIB_H 1
| #define HAVE_STRING_H 1
| #define HAVE_MEMORY_H 1
| #define HAVE_STRINGS_H 1
| #define HAVE_INTTYPES_H 1
| #define HAVE_STDINT_H 1
| #define HAVE_UNISTD_H 1
| #define HAVE_FCNTL_H 1
| #define HAVE_UNISTD_H 1
| #define HAVE_DLFCN_H 1
| #define HAVE_STRING_H 1
| #define HAVE_STRINGS_H 1
| #define HAVE_VPRINTF 1
| #define USE_GNUCC 1
| #define USE_GNUCC 1
| /* end confdefs.h.  */
| 
| int
| main ()
| {
|  char glBegin(); glBegin();
|   ;
|   return 0;
| }
configure:4542: result: no
configure:4552: checking Mesa with pthreads
configure:4571: gcc -o conftest -O2 -I/usr/local/include   -I/usr/local/include  conftest.c   -lMesaGL -lMesaGLU -lpthread -ldl  -L/usr/local/lib >&5
ld: library not found for -lMesaGL
clang: error: linker command failed with exit code 1 (use -v to see invocation)
configure:4577: $? = 1
configure: failed program was:
| /* confdefs.h.  */
| 
| #define PACKAGE_NAME ""
| #define PACKAGE_TARNAME ""
| #define PACKAGE_VERSION ""
| #define PACKAGE_STRING ""
| #define PACKAGE_BUGREPORT ""
| #ifdef __cplusplus
| extern "C" void exit (int) throw ();
| #endif
| #define HAVE_LIBDL 1
| #define STDC_HEADERS 1
| #define HAVE_SYS_TYPES_H 1
| #define HAVE_SYS_STAT_H 1
| #define HAVE_STDLIB_H 1
| #define HAVE_STRING_H 1
| #define HAVE_MEMORY_H 1
| #define HAVE_STRINGS_H 1
| #define HAVE_INTTYPES_H 1
| #define HAVE_STDINT_H 1
| #define HAVE_UNISTD_H 1
| #define HAVE_FCNTL_H 1
| #define HAVE_UNISTD_H 1
| #define HAVE_DLFCN_H 1
| #define HAVE_STRING_H 1
| #define HAVE_STRINGS_H 1
| #define HAVE_VPRINTF 1
| #define USE_GNUCC 1
| #define USE_GNUCC 1
| /* end confdefs.h.  */
| 
| int
| main ()
| {
|  char glBegin(); glBegin();
|   ;
|   return 0;
| }
configure:4601: result: no
configure:4630: checking GtkGLArea
configure:4649: gcc -o conftest -O2 -I/usr/local/include   -I/usr/local/include  conftest.c   -lgtkgl   -ldl  -L/usr/local/lib >&5
ld: library not found for -lgtkgl
clang: error: linker command failed with exit code 1 (use -v to see invocation)
configure:4655: $? = 1
configure: failed program was:
| /* confdefs.h.  */
| 
| #define PACKAGE_NAME ""
| #define PACKAGE_TARNAME ""
| #define PACKAGE_VERSION ""
| #define PACKAGE_STRING ""
| #define PACKAGE_BUGREPORT ""
| #ifdef __cplusplus
| extern "C" void exit (int) throw ();
| #endif
| #define HAVE_LIBDL 1
| #define STDC_HEADERS 1
| #define HAVE_SYS_TYPES_H 1
| #define HAVE_SYS_STAT_H 1
| #define HAVE_STDLIB_H 1
| #define HAVE_STRING_H 1
| #define HAVE_MEMORY_H 1
| #define HAVE_STRINGS_H 1
| #define HAVE_INTTYPES_H 1
| #define HAVE_STDINT_H 1
| #define HAVE_UNISTD_H 1
| #define HAVE_FCNTL_H 1
| #define HAVE_UNISTD_H 1
| #define HAVE_DLFCN_H 1
| #define HAVE_STRING_H 1
| #define HAVE_STRINGS_H 1
| #define HAVE_VPRINTF 1
| #define USE_GNUCC 1
| #define USE_GNUCC 1
| /* end confdefs.h.  */
| 
| int
| main ()
| {
|  char gtk_gl_area_new(); gtk_gl_area_new();
|   ;
|   return 0;
| }
configure:4679: result: no
configure:4741: checking for GDALOpen in -lgdal
configure:4771: gcc -o conftest   -O2 -I/usr/local/include   -I/usr/local/include  conftest.c -lgdal  -lgdal -L/lib  -lgtkgl    -ldl  -L/usr/local/lib >&5
ld: warning: directory not found for option '-L/lib'
ld: library not found for -lgdal
clang: error: linker command failed with exit code 1 (use -v to see invocation)
configure:4777: $? = 1
configure: failed program was:
| /* confdefs.h.  */
| 
| #define PACKAGE_NAME ""
| #define PACKAGE_TARNAME ""
| #define PACKAGE_VERSION ""
| #define PACKAGE_STRING ""
| #define PACKAGE_BUGREPORT ""
| #ifdef __cplusplus
| extern "C" void exit (int) throw ();
| #endif
| #define HAVE_LIBDL 1
| #define STDC_HEADERS 1
| #define HAVE_SYS_TYPES_H 1
| #define HAVE_SYS_STAT_H 1
| #define HAVE_STDLIB_H 1
| #define HAVE_STRING_H 1
| #define HAVE_MEMORY_H 1
| #define HAVE_STRINGS_H 1
| #define HAVE_INTTYPES_H 1
| #define HAVE_STDINT_H 1
| #define HAVE_UNISTD_H 1
| #define HAVE_FCNTL_H 1
| #define HAVE_UNISTD_H 1
| #define HAVE_DLFCN_H 1
| #define HAVE_STRING_H 1
| #define HAVE_STRINGS_H 1
| #define HAVE_VPRINTF 1
| #define USE_GNUCC 1
| #define USE_GNUCC 1
| /* end confdefs.h.  */
| 
| /* Override any gcc2 internal prototype to avoid an error.  */
| #ifdef __cplusplus
| extern "C"
| #endif
| /* We use char because int might match the return type of a gcc2
|    builtin and then its argument prototype would still apply.  */
| char GDALOpen ();
| int
| main ()
| {
| GDALOpen ();
|   ;
|   return 0;
| }
configure:4803: result: no
configure:4814: checking for GDALOpen in -lgdal
configure:4876: result: no
configure:4888: checking for GDALOpen in -lgdal
configure:4950: result: no
configure:4965: error: 
OpenEV requires GDAL library, but it was not found.  Please download
and install it.  See http://www.remotesensing.org/gdal


## ---------------- ##
## Cache variables. ##
## ---------------- ##

ac_cv_c_bigendian=no
ac_cv_c_compiler_gnu=yes
ac_cv_cxx_compiler_gnu=yes
ac_cv_env_CC_set=
ac_cv_env_CC_value=
ac_cv_env_CFLAGS_set=
ac_cv_env_CFLAGS_value=
ac_cv_env_CPPFLAGS_set=
ac_cv_env_CPPFLAGS_value=
ac_cv_env_CPP_set=
ac_cv_env_CPP_value=
ac_cv_env_CXXFLAGS_set=
ac_cv_env_CXXFLAGS_value=
ac_cv_env_CXX_set=
ac_cv_env_CXX_value=
ac_cv_env_LDFLAGS_set=
ac_cv_env_LDFLAGS_value=
ac_cv_env_build_alias_set=
ac_cv_env_build_alias_value=
ac_cv_env_host_alias_set=
ac_cv_env_host_alias_value=
ac_cv_env_target_alias_set=
ac_cv_env_target_alias_value=
ac_cv_exeext=
ac_cv_func__doprnt=no
ac_cv_func_vprintf=yes
ac_cv_header_dbmalloc_h=no
ac_cv_header_dlfcn_h=yes
ac_cv_header_fcntl_h=yes
ac_cv_header_inttypes_h=yes
ac_cv_header_memory_h=yes
ac_cv_header_stdc=yes
ac_cv_header_stdint_h=yes
ac_cv_header_stdlib_h=yes
ac_cv_header_string_h=yes
ac_cv_header_strings_h=yes
ac_cv_header_sys_stat_h=yes
ac_cv_header_sys_types_h=yes
ac_cv_header_unistd_h=yes
ac_cv_lib_dl_dlopen=yes
ac_cv_lib_gdal_GDALOpen=no
ac_cv_objext=o
ac_cv_path_GTK_CONFIG=no
ac_cv_prog_CPP='gcc -E'
ac_cv_prog_PYTHON=python
ac_cv_prog_ac_ct_CC=gcc
ac_cv_prog_ac_ct_CXX=g++
ac_cv_prog_ac_ct_RANLIB=ranlib
ac_cv_prog_cc_g=yes
ac_cv_prog_cc_stdc=
ac_cv_prog_cxx_g=yes
ac_cv_prog_egrep='grep -E'
am_cv_python_includes='-I/usr/local/Cellar/python/2.7.9/Frameworks/Python.framework/Versions/2.7/include/python2.7 -I/usr/local/Cellar/python/2.7.9/Frameworks/Python.framework/Versions/2.7/include/python2.7'
py_cv_mod_thread_=yes

## ----------------- ##
## Output variables. ##
## ----------------- ##

CC='gcc'
CFLAGS='  -O2 -I/usr/local/include '
CPP='gcc -E'
CPPFLAGS=' -I/usr/local/include'
CXX='g++'
CXXFLAGS='-O2 '
CXX_PIC=''
CXX_WFLAGS='-Wall'
C_PIC='-fPIC'
C_WFLAGS='-Wall'
DEFS=''
ECHO_C='ECHO_N=''
ECHO_T=''
EGREP='grep -E'
EXEEXT=''
GDAL_INC=''
GTKGL_CFLAGS=''
GTKGL_LIBS=''
GTK_CFLAGS=''
GTK_CONFIG='no'
GTK_LIBS=''
LDFLAGS=''
LD_SHARED='/bin/true'
LIBOBJS=''
LIBS=' -lgtkgl    -ldl  -L/usr/local/lib'
LTLIBOBJS=''
OBJEXT='o'
OGR_SOURCE=''
OPTFLAGS=''
PACKAGE_BUGREPORT=''
PACKAGE_NAME=''
PACKAGE_STRING=''
PACKAGE_TARNAME=''
PACKAGE_VERSION=''
PATH_SEPARATOR=':'
PYTHON='python'
PYTHON_CC=''
PYTHON_CFLAGS=' $(OPT)'
PYTHON_INCLUDES='-I/usr/local/Cellar/python/2.7.9/Frameworks/Python.framework/Versions/2.7/include/python2.7 -I/usr/local/Cellar/python/2.7.9/Frameworks/Python.framework/Versions/2.7/include/python2.7'
PYTHON_LINK=' -o $@'
PYTHON_OPT=''
PYTHON_SO=''
RANLIB='ranlib'
SHELL='/bin/sh'
ac_ct_CC='gcc'
ac_ct_CXX='g++'
ac_ct_RANLIB='ranlib'
bindir='${exec_prefix}/bin'
build_alias=''
datadir='${prefix}/share'
exec_prefix='NONE'
host_alias=''
includedir='${prefix}/include'
infodir='${prefix}/info'
libdir='${exec_prefix}/lib'
libexecdir='${exec_prefix}/libexec'
localstatedir='${prefix}/var'
mandir='${prefix}/man'
oldincludedir='/usr/include'
prefix='NONE'
program_transform_name='s,x,x,'
pyexecdir='/usr/local/Cellar/python/2.7.9/Frameworks/Python.framework/Versions/2.7/lib/python2.7/site-packages'
pythondir='/usr/local/Cellar/python/2.7.9/Frameworks/Python.framework/Versions/2.7/lib/python2.7/site-packages'
sbindir='${exec_prefix}/sbin'
sharedstatedir='${prefix}/com'
sysconfdir='${prefix}/etc'
target_alias=''

## ----------- ##
## confdefs.h. ##
## ----------- ##

#define HAVE_DLFCN_H 1
#define HAVE_FCNTL_H 1
#define HAVE_INTTYPES_H 1
#define HAVE_LIBDL 1
#define HAVE_MEMORY_H 1
#define HAVE_STDINT_H 1
#define HAVE_STDLIB_H 1
#define HAVE_STRINGS_H 1
#define HAVE_STRINGS_H 1
#define HAVE_STRING_H 1
#define HAVE_STRING_H 1
#define HAVE_SYS_STAT_H 1
#define HAVE_SYS_TYPES_H 1
#define HAVE_UNISTD_H 1
#define HAVE_UNISTD_H 1
#define HAVE_VPRINTF 1
#define PACKAGE_BUGREPORT ""
#define PACKAGE_NAME ""
#define PACKAGE_STRING ""
#define PACKAGE_TARNAME ""
#define PACKAGE_VERSION ""
#define STDC_HEADERS 1
#define USE_GNUCC 1
#define USE_GNUCC 1
#endif
#ifdef __cplusplus
extern "C" void exit (int) throw ();

configure: exit 1
